# JRE version: Java(TM) SE Runtime Environment (8.0_241-b07) (build 1.8.0_241-b07)
# Java VM: Java HotSpot(TM) 64-Bit Server VM (25.241-b07 mixed mode bsd-amd64 compressed oops)
Heap:
 PSYoungGen      total 24576K, used 23836K [0x0000000795580000, 0x0000000796e80000, 0x00000007c0000000)
  eden space 24064K, 98% used [0x0000000795580000,0x0000000796caf318,0x0000000796d00000)
  from space 512K, 18% used [0x0000000796e00000,0x0000000796e18000,0x0000000796e80000)
  to   space 512K, 0% used [0x0000000796d80000,0x0000000796d80000,0x0000000796e00000)
 ParOldGen       total 87552K, used 19098K [0x0000000740000000, 0x0000000745580000, 0x0000000795580000)
  object space 87552K, 21% used [0x0000000740000000,0x00000007412a6908,0x0000000745580000)
 Metaspace       used 19734K, capacity 20099K, committed 20224K, reserved 1067008K
  class space    used 1930K, capacity 2030K, committed 2048K, reserved 1048576K
GC Heap History (10 events):
Event: 1394.961 GC heap before
{Heap before GC invocations=174 (full 0):
 PSYoungGen      total 24576K, used 24160K [0x0000000795580000, 0x0000000796e80000, 0x00000007c0000000)
  eden space 24064K, 100% used [0x0000000795580000,0x0000000796d00000,0x0000000796d00000)
  from space 512K, 18% used [0x0000000796d80000,0x0000000796d98000,0x0000000796e00000)
  to   space 512K, 0% used [0x0000000796e00000,0x0000000796e00000,0x0000000796e80000)
 ParOldGen       total 87552K, used 19098K [0x0000000740000000, 0x0000000745580000, 0x0000000795580000)
  object space 87552K, 21% used [0x0000000740000000,0x00000007412a6908,0x0000000745580000)
 Metaspace       used 19665K, capacity 20095K, committed 20224K, reserved 1067008K
  class space    used 1917K, capacity 2028K, committed 2048K, reserved 1048576K
Event: 1394.965 GC heap after
Heap after GC invocations=174 (full 0):
 PSYoungGen      total 24576K, used 64K [0x0000000795580000, 0x0000000796e80000, 0x00000007c0000000)
  eden space 24064K, 0% used [0x0000000795580000,0x0000000795580000,0x0000000796d00000)
  from space 512K, 12% used [0x0000000796e00000,0x0000000796e10000,0x0000000796e80000)
  to   space 512K, 0% used [0x0000000796d80000,0x0000000796d80000,0x0000000796e00000)
 ParOldGen       total 87552K, used 19098K [0x0000000740000000, 0x0000000745580000, 0x0000000795580000)
  object space 87552K, 21% used [0x0000000740000000,0x00000007412a6908,0x0000000745580000)
 Metaspace       used 19665K, capacity 20095K, committed 20224K, reserved 1067008K
  class space    used 1917K, capacity 2028K, committed 2048K, reserved 1048576K
}
Event: 1403.012 GC heap before
{Heap before GC invocations=175 (full 0):
 PSYoungGen      total 24576K, used 24128K [0x0000000795580000, 0x0000000796e80000, 0x00000007c0000000)
  eden space 24064K, 100% used [0x0000000795580000,0x0000000796d00000,0x0000000796d00000)
  from space 512K, 12% used [0x0000000796e00000,0x0000000796e10000,0x0000000796e80000)
  to   space 512K, 0% used [0x0000000796d80000,0x0000000796d80000,0x0000000796e00000)
 ParOldGen       total 87552K, used 19098K [0x0000000740000000, 0x0000000745580000, 0x0000000795580000)
  object space 87552K, 21% used [0x0000000740000000,0x00000007412a6908,0x0000000745580000)
 Metaspace       used 19665K, capacity 20095K, committed 20224K, reserved 1067008K
  class space    used 1917K, capacity 2028K, committed 2048K, reserved 1048576K
Event: 1403.015 GC heap after
Heap after GC invocations=175 (full 0):
 PSYoungGen      total 24576K, used 128K [0x0000000795580000, 0x0000000796e80000, 0x00000007c0000000)
  eden space 24064K, 0% used [0x0000000795580000,0x0000000795580000,0x0000000796d00000)
  from space 512K, 25% used [0x0000000796d80000,0x0000000796da0000,0x0000000796e00000)
  to   space 512K, 0% used [0x0000000796e00000,0x0000000796e00000,0x0000000796e80000)
 ParOldGen       total 87552K, used 19098K [0x0000000740000000, 0x0000000745580000, 0x0000000795580000)
  object space 87552K, 21% used [0x0000000740000000,0x00000007412a6908,0x0000000745580000)
 Metaspace       used 19665K, capacity 20095K, committed 20224K, reserved 1067008K
  class space    used 1917K, capacity 2028K, committed 2048K, reserved 1048576K
}
Event: 1411.140 GC heap before
{Heap before GC invocations=176 (full 0):
 PSYoungGen      total 24576K, used 24192K [0x0000000795580000, 0x0000000796e80000, 0x00000007c0000000)
  eden space 24064K, 100% used [0x0000000795580000,0x0000000796d00000,0x0000000796d00000)
  from space 512K, 25% used [0x0000000796d80000,0x0000000796da0000,0x0000000796e00000)
  to   space 512K, 0% used [0x0000000796e00000,0x0000000796e00000,0x0000000796e80000)
 ParOldGen       total 87552K, used 19098K [0x0000000740000000, 0x0000000745580000, 0x0000000795580000)
  object space 87552K, 21% used [0x0000000740000000,0x00000007412a6908,0x0000000745580000)
 Metaspace       used 19665K, capacity 20095K, committed 20224K, reserved 1067008K
  class space    used 1917K, capacity 2028K, committed 2048K, reserved 1048576K
Event: 1411.142 GC heap after
Heap after GC invocations=176 (full 0):
 PSYoungGen      total 24576K, used 96K [0x0000000795580000, 0x0000000796e80000, 0x00000007c0000000)
  eden space 24064K, 0% used [0x0000000795580000,0x0000000795580000,0x0000000796d00000)
  from space 512K, 18% used [0x0000000796e00000,0x0000000796e18000,0x0000000796e80000)
  to   space 512K, 0% used [0x0000000796d80000,0x0000000796d80000,0x0000000796e00000)
 ParOldGen       total 87552K, used 19098K [0x0000000740000000, 0x0000000745580000, 0x0000000795580000)
  object space 87552K, 21% used [0x0000000740000000,0x00000007412a6908,0x0000000745580000)
 Metaspace       used 19665K, capacity 20095K, committed 20224K, reserved 1067008K
  class space    used 1917K, capacity 2028K, committed 2048K, reserved 1048576K
}
Event: 1419.227 GC heap before
{Heap before GC invocations=177 (full 0):
 PSYoungGen      total 24576K, used 24160K [0x0000000795580000, 0x0000000796e80000, 0x00000007c0000000)
  eden space 24064K, 100% used [0x0000000795580000,0x0000000796d00000,0x0000000796d00000)
  from space 512K, 18% used [0x0000000796e00000,0x0000000796e18000,0x0000000796e80000)
  to   space 512K, 0% used [0x0000000796d80000,0x0000000796d80000,0x0000000796e00000)
 ParOldGen       total 87552K, used 19098K [0x0000000740000000, 0x0000000745580000, 0x0000000795580000)
  object space 87552K, 21% used [0x0000000740000000,0x00000007412a6908,0x0000000745580000)
 Metaspace       used 19665K, capacity 20095K, committed 20224K, reserved 1067008K
  class space    used 1917K, capacity 2028K, committed 2048K, reserved 1048576K
Event: 1419.229 GC heap after
Heap after GC invocations=177 (full 0):
 PSYoungGen      total 24576K, used 96K [0x0000000795580000, 0x0000000796e80000, 0x00000007c0000000)
  eden space 24064K, 0% used [0x0000000795580000,0x0000000795580000,0x0000000796d00000)
  from space 512K, 18% used [0x0000000796d80000,0x0000000796d98000,0x0000000796e00000)
  to   space 512K, 0% used [0x0000000796e00000,0x0000000796e00000,0x0000000796e80000)
 ParOldGen       total 87552K, used 19098K [0x0000000740000000, 0x0000000745580000, 0x0000000795580000)
  object space 87552K, 21% used [0x0000000740000000,0x00000007412a6908,0x0000000745580000)
 Metaspace       used 19665K, capacity 20095K, committed 20224K, reserved 1067008K
  class space    used 1917K, capacity 2028K, committed 2048K, reserved 1048576K
}
Event: 1427.267 GC heap before
{Heap before GC invocations=178 (full 0):
 PSYoungGen      total 24576K, used 24160K [0x0000000795580000, 0x0000000796e80000, 0x00000007c0000000)
  eden space 24064K, 100% used [0x0000000795580000,0x0000000796d00000,0x0000000796d00000)
  from space 512K, 18% used [0x0000000796d80000,0x0000000796d98000,0x0000000796e00000)
  to   space 512K, 0% used [0x0000000796e00000,0x0000000796e00000,0x0000000796e80000)
 ParOldGen       total 87552K, used 19098K [0x0000000740000000, 0x0000000745580000, 0x0000000795580000)
  object space 87552K, 21% used [0x0000000740000000,0x00000007412a6908,0x0000000745580000)
 Metaspace       used 19665K, capacity 20095K, committed 20224K, reserved 1067008K
  class space    used 1917K, capacity 2028K, committed 2048K, reserved 1048576K
Event: 1427.268 GC heap after
Heap after GC invocations=178 (full 0):
 PSYoungGen      total 24576K, used 96K [0x0000000795580000, 0x0000000796e80000, 0x00000007c0000000)
  eden space 24064K, 0% used [0x0000000795580000,0x0000000795580000,0x0000000796d00000)
  from space 512K, 18% used [0x0000000796e00000,0x0000000796e18000,0x0000000796e80000)
  to   space 512K, 0% used [0x0000000796d80000,0x0000000796d80000,0x0000000796e00000)
 ParOldGen       total 87552K, used 19098K [0x0000000740000000, 0x0000000745580000, 0x0000000795580000)
  object space 87552K, 21% used [0x0000000740000000,0x00000007412a6908,0x0000000745580000)
 Metaspace       used 19665K, capacity 20095K, committed 20224K, reserved 1067008K
  class space    used 1917K, capacity 2028K, committed 2048K, reserved 1048576K
}

