# JRE version: Java(TM) SE Runtime Environment (8.0_241-b07) (build 1.8.0_241-b07)
# Java VM: Java HotSpot(TM) 64-Bit Server VM (25.241-b07 mixed mode bsd-amd64 compressed oops)
Heap:
 PSYoungGen      total 37376K, used 7972K [0x0000000795580000, 0x0000000798e80000, 0x00000007c0000000)
  eden space 31744K, 8% used [0x0000000795580000,0x0000000795844ae0,0x0000000797480000)
  from space 5632K, 91% used [0x0000000797500000,0x0000000797a047f8,0x0000000797a80000)
  to   space 13312K, 0% used [0x0000000798180000,0x0000000798180000,0x0000000798e80000)
 ParOldGen       total 44544K, used 19088K [0x0000000740000000, 0x0000000742b80000, 0x0000000795580000)
  object space 44544K, 42% used [0x0000000740000000,0x00000007412a4138,0x0000000742b80000)
 Metaspace       used 24827K, capacity 25303K, committed 25776K, reserved 1073152K
  class space    used 2483K, capacity 2624K, committed 2736K, reserved 1048576K
GC Heap History (10 events):
Event: 20.670 GC heap before
{Heap before GC invocations=4 (full 1):
 PSYoungGen      total 38400K, used 33280K [0x0000000795580000, 0x0000000798000000, 0x00000007c0000000)
  eden space 33280K, 100% used [0x0000000795580000,0x0000000797600000,0x0000000797600000)
  from space 5120K, 0% used [0x0000000797b00000,0x0000000797b00000,0x0000000798000000)
  to   space 5120K, 0% used [0x0000000797600000,0x0000000797600000,0x0000000797b00000)
 ParOldGen       total 44544K, used 7580K [0x0000000740000000, 0x0000000742b80000, 0x0000000795580000)
  object space 44544K, 17% used [0x0000000740000000,0x0000000740767100,0x0000000742b80000)
 Metaspace       used 24052K, capacity 24477K, committed 24880K, reserved 1071104K
  class space    used 2465K, capacity 2587K, committed 2608K, reserved 1048576K
Event: 20.687 GC heap after
Heap after GC invocations=4 (full 1):
 PSYoungGen      total 38400K, used 5089K [0x0000000795580000, 0x0000000798000000, 0x00000007c0000000)
  eden space 33280K, 0% used [0x0000000795580000,0x0000000795580000,0x0000000797600000)
  from space 5120K, 99% used [0x0000000797600000,0x0000000797af87f8,0x0000000797b00000)
  to   space 5120K, 0% used [0x0000000797b00000,0x0000000797b00000,0x0000000798000000)
 ParOldGen       total 44544K, used 16122K [0x0000000740000000, 0x0000000742b80000, 0x0000000795580000)
  object space 44544K, 36% used [0x0000000740000000,0x0000000740fbebb0,0x0000000742b80000)
 Metaspace       used 24052K, capacity 24477K, committed 24880K, reserved 1071104K
  class space    used 2465K, capacity 2587K, committed 2608K, reserved 1048576K
}
Event: 23.049 GC heap before
{Heap before GC invocations=5 (full 1):
 PSYoungGen      total 38400K, used 38369K [0x0000000795580000, 0x0000000798000000, 0x00000007c0000000)
  eden space 33280K, 100% used [0x0000000795580000,0x0000000797600000,0x0000000797600000)
  from space 5120K, 99% used [0x0000000797600000,0x0000000797af87f8,0x0000000797b00000)
  to   space 5120K, 0% used [0x0000000797b00000,0x0000000797b00000,0x0000000798000000)
 ParOldGen       total 44544K, used 16122K [0x0000000740000000, 0x0000000742b80000, 0x0000000795580000)
  object space 44544K, 36% used [0x0000000740000000,0x0000000740fbebb0,0x0000000742b80000)
 Metaspace       used 24406K, capacity 24811K, committed 25136K, reserved 1071104K
  class space    used 2466K, capacity 2588K, committed 2608K, reserved 1048576K
Event: 23.056 GC heap after
Heap after GC invocations=5 (full 1):
 PSYoungGen      total 38400K, used 5105K [0x0000000795580000, 0x0000000798000000, 0x00000007c0000000)
  eden space 33280K, 0% used [0x0000000795580000,0x0000000795580000,0x0000000797600000)
  from space 5120K, 99% used [0x0000000797b00000,0x0000000797ffc7f8,0x0000000798000000)
  to   space 5120K, 0% used [0x0000000797600000,0x0000000797600000,0x0000000797b00000)
 ParOldGen       total 44544K, used 19009K [0x0000000740000000, 0x0000000742b80000, 0x0000000795580000)
  object space 44544K, 42% used [0x0000000740000000,0x0000000741290530,0x0000000742b80000)
 Metaspace       used 24406K, capacity 24811K, committed 25136K, reserved 1071104K
  class space    used 2466K, capacity 2588K, committed 2608K, reserved 1048576K
}
Event: 29.347 GC heap before
{Heap before GC invocations=6 (full 1):
 PSYoungGen      total 38400K, used 38385K [0x0000000795580000, 0x0000000798000000, 0x00000007c0000000)
  eden space 33280K, 100% used [0x0000000795580000,0x0000000797600000,0x0000000797600000)
  from space 5120K, 99% used [0x0000000797b00000,0x0000000797ffc7f8,0x0000000798000000)
  to   space 5120K, 0% used [0x0000000797600000,0x0000000797600000,0x0000000797b00000)
 ParOldGen       total 44544K, used 19009K [0x0000000740000000, 0x0000000742b80000, 0x0000000795580000)
  object space 44544K, 42% used [0x0000000740000000,0x0000000741290530,0x0000000742b80000)
 Metaspace       used 24742K, capacity 25139K, committed 25392K, reserved 1073152K
  class space    used 2471K, capacity 2590K, committed 2608K, reserved 1048576K
Event: 29.349 GC heap after
Heap after GC invocations=6 (full 1):
 PSYoungGen      total 37888K, used 5105K [0x0000000795580000, 0x0000000799080000, 0x00000007c0000000)
  eden space 32768K, 0% used [0x0000000795580000,0x0000000795580000,0x0000000797580000)
  from space 5120K, 99% used [0x0000000797600000,0x0000000797afc7f8,0x0000000797b00000)
  to   space 13824K, 0% used [0x0000000798300000,0x0000000798300000,0x0000000799080000)
 ParOldGen       total 44544K, used 19072K [0x0000000740000000, 0x0000000742b80000, 0x0000000795580000)
  object space 44544K, 42% used [0x0000000740000000,0x00000007412a0138,0x0000000742b80000)
 Metaspace       used 24742K, capacity 25139K, committed 25392K, reserved 1073152K
  class space    used 2471K, capacity 2590K, committed 2608K, reserved 1048576K
}
Event: 35.781 GC heap before
{Heap before GC invocations=7 (full 1):
 PSYoungGen      total 37888K, used 37873K [0x0000000795580000, 0x0000000799080000, 0x00000007c0000000)
  eden space 32768K, 100% used [0x0000000795580000,0x0000000797580000,0x0000000797580000)
  from space 5120K, 99% used [0x0000000797600000,0x0000000797afc7f8,0x0000000797b00000)
  to   space 13824K, 0% used [0x0000000798300000,0x0000000798300000,0x0000000799080000)
 ParOldGen       total 44544K, used 19072K [0x0000000740000000, 0x0000000742b80000, 0x0000000795580000)
  object space 44544K, 42% used [0x0000000740000000,0x00000007412a0138,0x0000000742b80000)
 Metaspace       used 24754K, capacity 25139K, committed 25392K, reserved 1073152K
  class space    used 2471K, capacity 2590K, committed 2608K, reserved 1048576K
Event: 35.787 GC heap after
Heap after GC invocations=7 (full 1):
 PSYoungGen      total 45568K, used 5169K [0x0000000795580000, 0x0000000799000000, 0x00000007c0000000)
  eden space 32256K, 0% used [0x0000000795580000,0x0000000795580000,0x0000000797500000)
  from space 13312K, 38% used [0x0000000798300000,0x000000079880c7f8,0x0000000799000000)
  to   space 13824K, 0% used [0x0000000797500000,0x0000000797500000,0x0000000798280000)
 ParOldGen       total 44544K, used 19080K [0x0000000740000000, 0x0000000742b80000, 0x0000000795580000)
  object space 44544K, 42% used [0x0000000740000000,0x00000007412a2138,0x0000000742b80000)
 Metaspace       used 24754K, capacity 25139K, committed 25392K, reserved 1073152K
  class space    used 2471K, capacity 2590K, committed 2608K, reserved 1048576K
}
Event: 42.750 GC heap before
{Heap before GC invocations=8 (full 1):
 PSYoungGen      total 45568K, used 37425K [0x0000000795580000, 0x0000000799000000, 0x00000007c0000000)
  eden space 32256K, 100% used [0x0000000795580000,0x0000000797500000,0x0000000797500000)
  from space 13312K, 38% used [0x0000000798300000,0x000000079880c7f8,0x0000000799000000)
  to   space 13824K, 0% used [0x0000000797500000,0x0000000797500000,0x0000000798280000)
 ParOldGen       total 44544K, used 19080K [0x0000000740000000, 0x0000000742b80000, 0x0000000795580000)
  object space 44544K, 42% used [0x0000000740000000,0x00000007412a2138,0x0000000742b80000)
 Metaspace       used 24766K, capacity 25139K, committed 25392K, reserved 1073152K
  class space    used 2471K, capacity 2590K, committed 2608K, reserved 1048576K
Event: 42.753 GC heap after
Heap after GC invocations=8 (full 1):
 PSYoungGen      total 37376K, used 5137K [0x0000000795580000, 0x0000000798e80000, 0x00000007c0000000)
  eden space 31744K, 0% used [0x0000000795580000,0x0000000795580000,0x0000000797480000)
  from space 5632K, 91% used [0x0000000797500000,0x0000000797a047f8,0x0000000797a80000)
  to   space 13312K, 0% used [0x0000000798180000,0x0000000798180000,0x0000000798e80000)
 ParOldGen       total 44544K, used 19088K [0x0000000740000000, 0x0000000742b80000, 0x0000000795580000)
  object space 44544K, 42% used [0x0000000740000000,0x00000007412a4138,0x0000000742b80000)
 Metaspace       used 24766K, capacity 25139K, committed 25392K, reserved 1073152K
  class space    used 2471K, capacity 2590K, committed 2608K, reserved 1048576K
}

